<?xml version="1.0" encoding="UTF-8"?>
<testsuites disabled="0" errors="0" failures="0" tests="1" time="0">
<testsuite disabled="0" errors="0" failures="0" name="BONUS_gcd" skipped="0" tests="1" time="0">
<properties>
<property name="os" value="posix"/>
</properties>
<testcase classname="BONUS_gcd" name="cover" status="PASS" time="0">
<system-out>SBY  0:55:59 [BONUS_gcd_cover] Removing directory 'BONUS_gcd_cover'.
SBY  0:55:59 [BONUS_gcd_cover] Copy 'BONUS_gcd.sv' to 'BONUS_gcd_cover/src/BONUS_gcd.sv'.
SBY  0:55:59 [BONUS_gcd_cover] Copy 'gcd_ctrl.sv' to 'BONUS_gcd_cover/src/gcd_ctrl.sv'.
SBY  0:55:59 [BONUS_gcd_cover] engine_0: smtbmc
SBY  0:55:59 [BONUS_gcd_cover] base: starting process &quot;cd BONUS_gcd_cover/src; yosys -ql ../model/design.log ../model/design.ys&quot;
SBY  0:55:59 [BONUS_gcd_cover] base: finished (returncode=0)
SBY  0:55:59 [BONUS_gcd_cover] smt2: starting process &quot;cd BONUS_gcd_cover/model; yosys -ql design_smt2.log design_smt2.ys&quot;
SBY  0:55:59 [BONUS_gcd_cover] smt2: finished (returncode=0)
SBY  0:55:59 [BONUS_gcd_cover] engine_0: starting process &quot;cd BONUS_gcd_cover; yosys-smtbmc --presat --unroll --noprogress -t 10 --append 0 --dump-vcd engine_0/trace.vcd --dump-vlogtb engine_0/trace_tb.v --dump-smtc engine_0/trace.smtc model/design_smt2.smt2&quot;
SBY  0:56:00 [BONUS_gcd_cover] engine_0: ##   0:00:00  Solver: yices
SBY  0:56:00 [BONUS_gcd_cover] engine_0: ##   0:00:00  Checking assumptions in step 0..
SBY  0:56:00 [BONUS_gcd_cover] engine_0: ##   0:00:00  Checking assertions in step 0..
SBY  0:56:00 [BONUS_gcd_cover] engine_0: ##   0:00:00  Checking assumptions in step 1..
SBY  0:56:00 [BONUS_gcd_cover] engine_0: ##   0:00:00  Checking assertions in step 1..
SBY  0:56:00 [BONUS_gcd_cover] engine_0: ##   0:00:00  Checking assumptions in step 2..
SBY  0:56:00 [BONUS_gcd_cover] engine_0: ##   0:00:00  Checking assertions in step 2..
SBY  0:56:00 [BONUS_gcd_cover] engine_0: ##   0:00:00  Checking assumptions in step 3..
SBY  0:56:00 [BONUS_gcd_cover] engine_0: ##   0:00:00  Checking assertions in step 3..
SBY  0:56:00 [BONUS_gcd_cover] engine_0: ##   0:00:00  Checking assumptions in step 4..
SBY  0:56:00 [BONUS_gcd_cover] engine_0: ##   0:00:00  Checking assertions in step 4..
SBY  0:56:00 [BONUS_gcd_cover] engine_0: ##   0:00:00  Checking assumptions in step 5..
SBY  0:56:00 [BONUS_gcd_cover] engine_0: ##   0:00:00  Checking assertions in step 5..
SBY  0:56:00 [BONUS_gcd_cover] engine_0: ##   0:00:00  Checking assumptions in step 6..
SBY  0:56:00 [BONUS_gcd_cover] engine_0: ##   0:00:00  Checking assertions in step 6..
SBY  0:56:00 [BONUS_gcd_cover] engine_0: ##   0:00:00  Checking assumptions in step 7..
SBY  0:56:00 [BONUS_gcd_cover] engine_0: ##   0:00:00  Checking assertions in step 7..
SBY  0:56:00 [BONUS_gcd_cover] engine_0: ##   0:00:00  Checking assumptions in step 8..
SBY  0:56:00 [BONUS_gcd_cover] engine_0: ##   0:00:00  Checking assertions in step 8..
SBY  0:56:00 [BONUS_gcd_cover] engine_0: ##   0:00:00  Checking assumptions in step 9..
SBY  0:56:00 [BONUS_gcd_cover] engine_0: ##   0:00:00  Checking assertions in step 9..
SBY  0:56:00 [BONUS_gcd_cover] engine_0: ##   0:00:00  Status: passed
SBY  0:56:00 [BONUS_gcd_cover] engine_0: finished (returncode=0)
SBY  0:56:00 [BONUS_gcd_cover] engine_0: Status returned by engine: pass
SBY  0:56:00 [BONUS_gcd_cover] summary: Elapsed clock time [H:MM:SS (secs)]: 0:00:00 (0)
SBY  0:56:00 [BONUS_gcd_cover] summary: Elapsed process time [H:MM:SS (secs)]: 0:00:00 (0)
SBY  0:56:00 [BONUS_gcd_cover] summary: engine_0 (smtbmc) returned pass
SBY  0:56:00 [BONUS_gcd_cover] DONE (PASS, rc=0)
</system-out></testcase></testsuite></testsuites>
